2025-07-20 09:22:23,965 - __main__ - INFO - --- Starting robust in-and-out trading bot ---
2025-07-20 09:22:23,966 - __main__ - ERROR - API keys not found or are placeholders in .env file.
2025-07-20 09:28:55,097 - __main__ - INFO - --- Starting robust in-and-out trading bot ---
2025-07-20 09:28:55,098 - __main__ - ERROR - API keys not found or are placeholders in .env file.
2025-07-20 09:29:27,724 - __main__ - INFO - --- Starting robust in-and-out trading bot ---
2025-07-20 09:29:27,725 - __main__ - INFO - Initializing connection to BitMEX testnet...
2025-07-20 09:29:28,276 - __main__ - INFO - Time offset from server: -0.28 seconds
2025-07-20 09:29:33,507 - __main__ - INFO - Successfully connected to BitMEX testnet
2025-07-20 09:29:33,507 - __main__ - INFO - Loaded initial state: {'last_signal': None, 'open_order_id': None, 'open_order_side': None, 'open_order_price': None, 'position_size': 0, 'signal_confirm_count': 0}
2025-07-20 09:29:33,507 - __main__ - INFO - Configuration: Trading XBTUSD on 1m with SMA window 50.
2025-07-20 09:29:33,508 - __main__ - INFO - Order size: 100 contracts. Tick size: 0.5
2025-07-20 09:29:33,508 - __main__ - INFO - --- New Cycle ---
2025-07-20 09:29:38,457 - __main__ - INFO - Current Price: 118093.20, SMA(50): 117980.92. Signal: long
2025-07-20 09:29:38,457 - __main__ - INFO - Checking current position...
2025-07-20 09:29:38,457 - __main__ - INFO - Fetching position...
2025-07-20 09:29:38,458 - __main__ - INFO - Attempting to fetch position (attempt 1/3)
2025-07-20 09:29:43,428 - __main__ - INFO - Successfully fetched position data.
2025-07-20 09:29:43,428 - __main__ - INFO - Position for XBTUSD: 0
2025-07-20 09:29:53,436 - __main__ - INFO - Opening BUY position with order at 117996.4
2025-07-20 09:29:54,456 - __main__ - INFO - Placed BUY LIMIT order for 100 at 117996.5
2025-07-20 09:29:54,456 - __main__ - INFO - Time to OPEN BUY after signal: 1.02 seconds
2025-07-20 09:29:54,456 - __main__ - INFO - Opening BUY position with order 603ebb18-b64c-4ca3-8f7b-be025d05da30
2025-07-20 09:29:59,461 - __main__ - INFO - --- New Cycle ---
2025-07-20 09:29:59,607 - __main__ - INFO - Current Price: 118093.20, SMA(50): 117980.92. Signal: long
2025-07-20 09:29:59,608 - __main__ - INFO - Checking current position...
2025-07-20 09:29:59,608 - __main__ - INFO - Fetching position...
2025-07-20 09:29:59,608 - __main__ - INFO - Attempting to fetch position (attempt 1/3)
2025-07-20 09:30:00,195 - __main__ - INFO - Bot stopped manually. Cancelling all open orders...
2025-07-20 09:30:18,508 - __main__ - INFO - --- Starting robust in-and-out trading bot ---
2025-07-20 09:30:18,508 - __main__ - INFO - Initializing connection to BitMEX testnet...
2025-07-20 09:30:19,875 - __main__ - INFO - Time offset from server: -0.88 seconds
2025-07-20 09:30:25,219 - __main__ - INFO - Successfully connected to BitMEX testnet
2025-07-20 09:30:25,220 - __main__ - INFO - Loaded initial state: {'last_signal': 'long', 'open_order_id': None, 'open_order_side': None, 'open_order_price': None, 'position_size': 0, 'signal_confirm_count': 2}
2025-07-20 09:30:25,221 - __main__ - INFO - Configuration: Trading XBTUSD on 1m with SMA window 50.
2025-07-20 09:30:25,221 - __main__ - INFO - Order size: 100 contracts. Tick size: 0.5
2025-07-20 09:30:25,221 - __main__ - INFO - --- New Cycle ---
2025-07-20 09:30:30,093 - __main__ - INFO - Current Price: 117996.40, SMA(50): 117983.00. Signal: long
2025-07-20 09:30:30,093 - __main__ - INFO - Checking current position...
2025-07-20 09:30:30,093 - __main__ - INFO - Fetching position...
2025-07-20 09:30:30,093 - __main__ - INFO - Attempting to fetch position (attempt 1/3)
2025-07-20 09:30:35,070 - __main__ - INFO - Successfully fetched position data.
2025-07-20 09:30:35,071 - __main__ - INFO - Position for XBTUSD: 100
2025-07-20 09:30:40,041 - __main__ - INFO - No action needed. Signal and position are aligned.
2025-07-20 09:31:40,050 - __main__ - INFO - --- New Cycle ---
2025-07-20 09:31:40,303 - __main__ - INFO - Current Price: 117996.40, SMA(50): 117987.00. Signal: long
2025-07-20 09:31:40,304 - __main__ - INFO - Checking current position...
2025-07-20 09:31:40,304 - __main__ - INFO - Fetching position...
2025-07-20 09:31:40,305 - __main__ - INFO - Attempting to fetch position (attempt 1/3)
2025-07-20 09:31:45,226 - __main__ - INFO - Successfully fetched position data.
2025-07-20 09:31:45,226 - __main__ - INFO - Position for XBTUSD: 100
2025-07-20 09:31:50,205 - __main__ - INFO - No action needed. Signal and position are aligned.
2025-07-20 09:32:50,213 - __main__ - INFO - --- New Cycle ---
2025-07-20 09:32:50,437 - __main__ - INFO - Current Price: 117996.40, SMA(50): 117991.01. Signal: long
2025-07-20 09:32:50,437 - __main__ - INFO - Checking current position...
2025-07-20 09:32:50,437 - __main__ - INFO - Fetching position...
2025-07-20 09:32:50,438 - __main__ - INFO - Attempting to fetch position (attempt 1/3)
2025-07-20 09:32:55,353 - __main__ - INFO - Successfully fetched position data.
2025-07-20 09:32:55,353 - __main__ - INFO - Position for XBTUSD: 100
2025-07-20 09:33:00,476 - __main__ - INFO - No action needed. Signal and position are aligned.
2025-07-20 09:34:00,484 - __main__ - INFO - --- New Cycle ---
2025-07-20 09:34:00,715 - __main__ - INFO - Current Price: 117996.40, SMA(50): 117995.02. Signal: long
2025-07-20 09:34:00,716 - __main__ - INFO - Checking current position...
2025-07-20 09:34:00,716 - __main__ - INFO - Fetching position...
2025-07-20 09:34:00,716 - __main__ - INFO - Attempting to fetch position (attempt 1/3)
2025-07-20 09:34:05,641 - __main__ - INFO - Successfully fetched position data.
2025-07-20 09:34:05,642 - __main__ - INFO - Position for XBTUSD: 100
2025-07-20 09:34:10,644 - __main__ - INFO - No action needed. Signal and position are aligned.
2025-07-20 09:35:10,656 - __main__ - INFO - --- New Cycle ---
2025-07-20 09:35:10,887 - __main__ - INFO - Current Price: 117996.40, SMA(50): 117999.03. Signal: short
2025-07-20 09:35:10,887 - __main__ - INFO - Checking current position...
2025-07-20 09:35:10,887 - __main__ - INFO - Fetching position...
2025-07-20 09:35:10,888 - __main__ - INFO - Attempting to fetch position (attempt 1/3)
2025-07-20 09:35:15,798 - __main__ - INFO - Successfully fetched position data.
2025-07-20 09:35:15,799 - __main__ - INFO - Position for XBTUSD: 100
2025-07-20 09:35:20,800 - __main__ - INFO - Reversing from LONG to SHORT.
2025-07-20 09:35:25,817 - __main__ - INFO - Closing LONG position with SELL order at 117802.8
2025-07-20 09:35:26,840 - __main__ - INFO - Placed SELL LIMIT order for 100 at 117803.0
2025-07-20 09:35:26,841 - __main__ - INFO - Time to CLOSE LONG after signal: 1.02 seconds
2025-07-20 09:35:26,841 - __main__ - INFO - Closing LONG position with SELL order 3d06c072-9a14-405b-8723-37108e1ba742
2025-07-20 09:35:31,825 - __main__ - INFO - Opening SELL position with order at 117802.8
2025-07-20 09:35:32,845 - __main__ - INFO - Placed SELL LIMIT order for 100 at 117803.0
2025-07-20 09:35:32,845 - __main__ - INFO - Time to OPEN SELL after signal: 1.02 seconds
2025-07-20 09:35:32,846 - __main__ - INFO - Opening SELL position with order 6f579594-1f7f-4f75-95c6-dfad687f9e7a
2025-07-20 09:35:37,851 - __main__ - INFO - --- New Cycle ---
2025-07-20 09:35:38,006 - __main__ - INFO - Current Price: 117996.40, SMA(50): 118003.04. Signal: short
2025-07-20 09:35:38,007 - __main__ - INFO - Checking current position...
2025-07-20 09:35:38,007 - __main__ - INFO - Fetching position...
2025-07-20 09:35:38,007 - __main__ - INFO - Attempting to fetch position (attempt 1/3)
2025-07-20 09:35:43,465 - __main__ - INFO - Successfully fetched position data.
2025-07-20 09:35:43,466 - __main__ - INFO - Position for XBTUSD: 100
2025-07-20 09:35:48,120 - __main__ - INFO - Found 2 open order(s). Managing...
2025-07-20 09:35:53,028 - __main__ - INFO - Order 3d06c072-9a14-405b-8723-37108e1ba742 is too old (10826.19s), cancelling.
2025-07-20 09:35:59,026 - __main__ - INFO - Order 6f579594-1f7f-4f75-95c6-dfad687f9e7a is too old (10826.21s), cancelling.
2025-07-20 09:36:10,045 - __main__ - INFO - --- New Cycle ---
2025-07-20 09:36:10,226 - __main__ - INFO - Current Price: 117996.40, SMA(50): 118003.04. Signal: short
2025-07-20 09:36:10,227 - __main__ - INFO - Checking current position...
2025-07-20 09:36:10,227 - __main__ - INFO - Fetching position...
2025-07-20 09:36:10,228 - __main__ - INFO - Attempting to fetch position (attempt 1/3)
2025-07-20 09:36:15,330 - __main__ - INFO - Successfully fetched position data.
2025-07-20 09:36:15,330 - __main__ - INFO - Position for XBTUSD: 100
2025-07-20 09:36:20,219 - __main__ - INFO - Reversing from LONG to SHORT.
2025-07-20 09:36:25,222 - __main__ - INFO - Closing LONG position with SELL order at 117802.8
2025-07-20 09:36:26,282 - __main__ - INFO - Placed SELL LIMIT order for 100 at 117803.0
2025-07-20 09:36:26,283 - __main__ - INFO - Time to CLOSE LONG after signal: 1.06 seconds
2025-07-20 09:36:26,283 - __main__ - INFO - Closing LONG position with SELL order 316b8a46-b4cc-405d-8a41-43ef1e926f8e
2025-07-20 09:36:31,205 - __main__ - INFO - Opening SELL position with order at 117802.8
2025-07-20 09:36:32,218 - __main__ - INFO - Placed SELL LIMIT order for 100 at 117803.0
2025-07-20 09:36:32,218 - __main__ - INFO - Time to OPEN SELL after signal: 1.01 seconds
2025-07-20 09:36:32,218 - __main__ - INFO - Opening SELL position with order 2a5be7b4-9508-4959-a86d-f7e02be50ef8
2025-07-20 09:36:37,229 - __main__ - INFO - --- New Cycle ---
2025-07-20 09:36:37,431 - __main__ - INFO - Current Price: 117996.40, SMA(50): 118007.04. Signal: short
2025-07-20 09:36:37,432 - __main__ - INFO - Checking current position...
2025-07-20 09:36:37,432 - __main__ - INFO - Fetching position...
2025-07-20 09:36:37,433 - __main__ - INFO - Attempting to fetch position (attempt 1/3)
2025-07-20 09:36:42,380 - __main__ - INFO - Successfully fetched position data.
2025-07-20 09:36:42,381 - __main__ - INFO - Position for XBTUSD: 100
2025-07-20 09:36:47,399 - __main__ - INFO - Found 2 open order(s). Managing...
2025-07-20 09:36:52,406 - __main__ - INFO - Amending order 316b8a46-b4cc-405d-8a41-43ef1e926f8e from 117803.0 to 117703.2
2025-07-20 09:36:57,400 - __main__ - INFO - Order 316b8a46-b4cc-405d-8a41-43ef1e926f8e already filled or closed.
2025-07-20 09:36:57,404 - __main__ - INFO - Order 316b8a46-b4cc-405d-8a41-43ef1e926f8e is too old (10831.20s), cancelling.
2025-07-20 09:37:03,404 - __main__ - INFO - Amending order 2a5be7b4-9508-4959-a86d-f7e02be50ef8 from 117803.0 to 117703.2
2025-07-20 09:37:09,440 - __main__ - INFO - Cancelled order 2a5be7b4-9508-4959-a86d-f7e02be50ef8 to amend price.
2025-07-20 09:37:10,426 - __main__ - INFO - Placed SELL LIMIT order for 100.0 at 117703.0
2025-07-20 09:37:10,426 - __main__ - INFO - Amended order 2a5be7b4-9508-4959-a86d-f7e02be50ef8 to new price 117703.0, new order 230221d4-d8e8-41c4-9d6b-e334f63a34d7
2025-07-20 09:37:10,428 - __main__ - INFO - Order 2a5be7b4-9508-4959-a86d-f7e02be50ef8 is too old (10838.23s), cancelling.
2025-07-20 09:37:21,430 - __main__ - INFO - --- New Cycle ---
2025-07-20 09:37:21,696 - __main__ - INFO - Current Price: 117803.00, SMA(50): 118003.18. Signal: short
2025-07-20 09:37:21,697 - __main__ - INFO - Checking current position...
2025-07-20 09:37:21,697 - __main__ - INFO - Fetching position...
2025-07-20 09:37:21,697 - __main__ - INFO - Attempting to fetch position (attempt 1/3)
2025-07-20 09:37:26,798 - __main__ - INFO - Successfully fetched position data.
2025-07-20 09:37:26,798 - __main__ - INFO - Position for XBTUSD: -100
2025-07-20 09:37:31,583 - __main__ - INFO - No action needed. Signal and position are aligned.
2025-07-20 09:38:31,592 - __main__ - INFO - --- New Cycle ---
2025-07-20 09:38:31,896 - __main__ - INFO - Current Price: 117703.20, SMA(50): 117999.46. Signal: short
2025-07-20 09:38:31,899 - __main__ - INFO - Checking current position...
2025-07-20 09:38:31,900 - __main__ - INFO - Fetching position...
2025-07-20 09:38:31,900 - __main__ - INFO - Attempting to fetch position (attempt 1/3)
2025-07-20 09:38:36,766 - __main__ - INFO - Successfully fetched position data.
2025-07-20 09:38:36,766 - __main__ - INFO - Position for XBTUSD: -100
2025-07-20 09:38:41,753 - __main__ - INFO - No action needed. Signal and position are aligned.
2025-07-20 09:39:41,757 - __main__ - INFO - --- New Cycle ---
2025-07-20 09:39:41,996 - __main__ - INFO - Current Price: 117703.20, SMA(50): 117997.61. Signal: short
2025-07-20 09:39:41,998 - __main__ - INFO - Checking current position...
2025-07-20 09:39:41,998 - __main__ - INFO - Fetching position...
2025-07-20 09:39:41,998 - __main__ - INFO - Attempting to fetch position (attempt 1/3)
2025-07-20 09:39:46,909 - __main__ - INFO - Successfully fetched position data.
2025-07-20 09:39:46,910 - __main__ - INFO - Position for XBTUSD: -100
2025-07-20 09:39:51,905 - __main__ - INFO - No action needed. Signal and position are aligned.
2025-07-20 09:40:51,913 - __main__ - INFO - --- New Cycle ---
2025-07-20 09:40:52,200 - __main__ - INFO - Current Price: 117703.20, SMA(50): 117995.75. Signal: short
2025-07-20 09:40:52,201 - __main__ - INFO - Checking current position...
2025-07-20 09:40:52,201 - __main__ - INFO - Fetching position...
2025-07-20 09:40:52,202 - __main__ - INFO - Attempting to fetch position (attempt 1/3)
2025-07-20 09:40:57,063 - __main__ - INFO - Successfully fetched position data.
2025-07-20 09:40:57,064 - __main__ - INFO - Position for XBTUSD: -100
2025-07-20 09:41:02,062 - __main__ - INFO - No action needed. Signal and position are aligned.
2025-07-20 09:42:02,072 - __main__ - INFO - --- New Cycle ---
2025-07-20 09:42:02,605 - __main__ - INFO - Current Price: 117703.20, SMA(50): 117993.90. Signal: short
2025-07-20 09:42:02,606 - __main__ - INFO - Checking current position...
2025-07-20 09:42:02,606 - __main__ - INFO - Fetching position...
2025-07-20 09:42:02,606 - __main__ - INFO - Attempting to fetch position (attempt 1/3)
2025-07-20 09:42:07,243 - __main__ - INFO - Successfully fetched position data.
2025-07-20 09:42:07,244 - __main__ - INFO - Position for XBTUSD: -100
2025-07-20 09:42:12,244 - __main__ - INFO - No action needed. Signal and position are aligned.
2025-07-20 09:43:12,248 - __main__ - INFO - --- New Cycle ---
2025-07-20 09:43:12,495 - __main__ - INFO - Current Price: 117703.20, SMA(50): 117992.04. Signal: short
2025-07-20 09:43:12,496 - __main__ - INFO - Checking current position...
2025-07-20 09:43:12,496 - __main__ - INFO - Fetching position...
2025-07-20 09:43:12,496 - __main__ - INFO - Attempting to fetch position (attempt 1/3)
2025-07-20 09:43:17,391 - __main__ - INFO - Successfully fetched position data.
2025-07-20 09:43:17,391 - __main__ - INFO - Position for XBTUSD: -100
2025-07-20 09:43:22,403 - __main__ - INFO - No action needed. Signal and position are aligned.
2025-07-20 09:44:22,388 - __main__ - INFO - --- New Cycle ---
2025-07-20 09:44:22,617 - __main__ - INFO - Current Price: 117703.20, SMA(50): 117990.18. Signal: short
2025-07-20 09:44:22,619 - __main__ - INFO - Checking current position...
2025-07-20 09:44:22,619 - __main__ - INFO - Fetching position...
2025-07-20 09:44:22,619 - __main__ - INFO - Attempting to fetch position (attempt 1/3)
2025-07-20 09:44:27,583 - __main__ - INFO - Successfully fetched position data.
2025-07-20 09:44:27,584 - __main__ - INFO - Position for XBTUSD: -100
2025-07-20 09:44:32,557 - __main__ - INFO - No action needed. Signal and position are aligned.
2025-07-20 09:45:32,562 - __main__ - INFO - --- New Cycle ---
2025-07-20 09:45:32,820 - __main__ - INFO - Current Price: 117703.20, SMA(50): 117986.47. Signal: short
2025-07-20 09:45:32,821 - __main__ - INFO - Checking current position...
2025-07-20 09:45:32,821 - __main__ - INFO - Fetching position...
2025-07-20 09:45:32,821 - __main__ - INFO - Attempting to fetch position (attempt 1/3)
2025-07-20 09:45:37,713 - __main__ - INFO - Successfully fetched position data.
2025-07-20 09:45:37,713 - __main__ - INFO - Position for XBTUSD: -100
2025-07-20 09:45:42,714 - __main__ - INFO - No action needed. Signal and position are aligned.
2025-07-20 09:46:42,723 - __main__ - INFO - --- New Cycle ---
2025-07-20 09:46:43,005 - __main__ - INFO - Current Price: 117703.20, SMA(50): 117979.63. Signal: short
2025-07-20 09:46:43,006 - __main__ - INFO - Checking current position...
2025-07-20 09:46:43,006 - __main__ - INFO - Fetching position...
2025-07-20 09:46:43,006 - __main__ - INFO - Attempting to fetch position (attempt 1/3)
2025-07-20 09:46:47,889 - __main__ - INFO - Successfully fetched position data.
2025-07-20 09:46:47,890 - __main__ - INFO - Position for XBTUSD: -100
2025-07-20 09:46:52,874 - __main__ - INFO - No action needed. Signal and position are aligned.
2025-07-20 09:48:20,713 - __main__ - INFO - --- New Cycle ---
2025-07-20 09:48:20,998 - __main__ - INFO - Current Price: 117703.20, SMA(50): 117972.78. Signal: short
2025-07-20 09:48:20,998 - __main__ - INFO - Checking current position...
2025-07-20 09:48:20,998 - __main__ - INFO - Fetching position...
2025-07-20 09:48:20,998 - __main__ - INFO - Attempting to fetch position (attempt 1/3)
2025-07-20 09:48:25,868 - __main__ - INFO - Successfully fetched position data.
2025-07-20 09:48:25,869 - __main__ - INFO - Position for XBTUSD: -100
2025-07-20 09:48:30,894 - __main__ - INFO - No action needed. Signal and position are aligned.
2025-07-20 09:49:30,903 - __main__ - INFO - --- New Cycle ---
2025-07-20 09:49:31,117 - __main__ - INFO - Current Price: 117703.20, SMA(50): 117959.09. Signal: short
2025-07-20 09:49:31,118 - __main__ - INFO - Checking current position...
2025-07-20 09:49:31,118 - __main__ - INFO - Fetching position...
2025-07-20 09:49:31,118 - __main__ - INFO - Attempting to fetch position (attempt 1/3)
2025-07-20 09:49:36,048 - __main__ - INFO - Successfully fetched position data.
2025-07-20 09:49:36,048 - __main__ - INFO - Position for XBTUSD: -100
2025-07-20 09:49:41,067 - __main__ - INFO - No action needed. Signal and position are aligned.
2025-07-20 09:50:46,852 - __main__ - INFO - --- New Cycle ---
2025-07-20 09:50:47,156 - __main__ - INFO - Current Price: 117703.20, SMA(50): 117952.24. Signal: short
2025-07-20 09:50:47,157 - __main__ - INFO - Checking current position...
2025-07-20 09:50:47,157 - __main__ - INFO - Fetching position...
2025-07-20 09:50:47,157 - __main__ - INFO - Attempting to fetch position (attempt 1/3)
2025-07-20 09:50:52,005 - __main__ - INFO - Successfully fetched position data.
2025-07-20 09:50:52,006 - __main__ - INFO - Position for XBTUSD: -100
2025-07-20 09:50:57,012 - __main__ - INFO - No action needed. Signal and position are aligned.
2025-07-20 09:52:32,502 - __main__ - INFO - --- New Cycle ---
2025-07-20 09:52:32,662 - __main__ - INFO - Current Price: 117703.20, SMA(50): 117938.55. Signal: short
2025-07-20 09:52:32,662 - __main__ - INFO - Checking current position...
2025-07-20 09:52:32,662 - __main__ - INFO - Fetching position...
2025-07-20 09:52:32,662 - __main__ - INFO - Attempting to fetch position (attempt 1/3)
2025-07-20 09:52:37,654 - __main__ - INFO - Successfully fetched position data.
2025-07-20 09:52:37,655 - __main__ - INFO - Position for XBTUSD: -100
2025-07-20 09:52:42,654 - __main__ - INFO - No action needed. Signal and position are aligned.
2025-07-20 09:54:26,800 - __main__ - INFO - --- New Cycle ---
2025-07-20 09:54:27,101 - __main__ - INFO - Current Price: 117703.20, SMA(50): 117931.70. Signal: short
2025-07-20 09:54:27,102 - __main__ - INFO - Checking current position...
2025-07-20 09:54:27,102 - __main__ - INFO - Fetching position...
2025-07-20 09:54:27,102 - __main__ - INFO - Attempting to fetch position (attempt 1/3)
2025-07-20 09:54:31,994 - __main__ - INFO - Successfully fetched position data.
2025-07-20 09:54:31,995 - __main__ - INFO - Position for XBTUSD: -100
2025-07-20 09:54:36,969 - __main__ - INFO - No action needed. Signal and position are aligned.
2025-07-20 09:55:36,980 - __main__ - INFO - --- New Cycle ---
2025-07-20 09:55:37,172 - __main__ - INFO - Current Price: 117703.20, SMA(50): 117918.01. Signal: short
2025-07-20 09:55:37,173 - __main__ - INFO - Checking current position...
2025-07-20 09:55:37,173 - __main__ - INFO - Fetching position...
2025-07-20 09:55:37,173 - __main__ - INFO - Attempting to fetch position (attempt 1/3)
2025-07-20 09:55:42,137 - __main__ - INFO - Successfully fetched position data.
2025-07-20 09:55:42,137 - __main__ - INFO - Position for XBTUSD: -100
2025-07-20 09:55:47,149 - __main__ - INFO - No action needed. Signal and position are aligned.
2025-07-20 10:07:12,671 - __main__ - INFO - --- New Cycle ---
2025-07-20 10:07:12,672 - __main__ - INFO - Resynchronizing time with server...
2025-07-20 10:07:14,320 - __main__ - INFO - Time offset from server: -0.32 seconds
2025-07-20 10:07:14,322 - __main__ - INFO - Time offset updated to: -0.32 seconds
2025-07-20 10:07:14,345 - __main__ - WARNING - Retrying market data fetch (attempt 1): bitmex GET https://testnet.bitmex.com/api/v1/trade/bucketed?symbol=XBTUSD&binSize=1m&partial=true&count=55&reverse=true
2025-07-20 10:07:19,704 - __main__ - INFO - Current Price: 118021.50, SMA(50): 117909.87. Signal: long
2025-07-20 10:07:19,705 - __main__ - INFO - Checking current position...
2025-07-20 10:07:19,705 - __main__ - INFO - Fetching position...
2025-07-20 10:07:19,705 - __main__ - INFO - Attempting to fetch position (attempt 1/3)
2025-07-20 10:07:24,546 - __main__ - INFO - Successfully fetched position data.
2025-07-20 10:07:24,547 - __main__ - INFO - Position for XBTUSD: -100
2025-07-20 10:07:29,541 - __main__ - INFO - Reversing from SHORT to LONG.
2025-07-20 10:07:34,645 - __main__ - INFO - Closing SHORT position with BUY order at 118022.9
2025-07-20 10:07:35,549 - __main__ - INFO - Placed BUY LIMIT order for 100 at 118023.0
2025-07-20 10:07:35,550 - __main__ - INFO - Time to CLOSE SHORT after signal: 0.91 seconds
2025-07-20 10:07:35,550 - __main__ - INFO - Closing SHORT position with BUY order d4105b95-1b98-4784-bc47-8d394bb8d5f5
2025-07-20 10:07:40,566 - __main__ - INFO - Opening BUY position with order at 118111.3
2025-07-20 10:07:41,669 - __main__ - INFO - Placed BUY LIMIT order for 100 at 118111.5
2025-07-20 10:07:41,669 - __main__ - INFO - Time to OPEN BUY after signal: 1.10 seconds
2025-07-20 10:07:41,669 - __main__ - INFO - Opening BUY position with order af6b58d4-9012-4db4-82bb-8848c35b4202
2025-07-20 10:07:46,676 - __main__ - INFO - --- New Cycle ---
2025-07-20 10:07:46,829 - __main__ - INFO - Current Price: 118021.50, SMA(50): 117908.44. Signal: long
2025-07-20 10:07:46,830 - __main__ - INFO - Checking current position...
2025-07-20 10:07:46,830 - __main__ - INFO - Fetching position...
2025-07-20 10:07:46,830 - __main__ - INFO - Attempting to fetch position (attempt 1/3)
2025-07-20 10:07:51,837 - __main__ - INFO - Successfully fetched position data.
2025-07-20 10:07:51,838 - __main__ - INFO - Position for XBTUSD: 100
2025-07-20 10:07:56,841 - __main__ - INFO - No action needed. Signal and position are aligned.
2025-07-20 10:08:56,853 - __main__ - INFO - --- New Cycle ---
2025-07-20 10:08:57,048 - __main__ - INFO - Current Price: 118111.30, SMA(50): 117910.59. Signal: long
2025-07-20 10:08:57,049 - __main__ - INFO - Checking current position...
2025-07-20 10:08:57,049 - __main__ - INFO - Fetching position...
2025-07-20 10:08:57,049 - __main__ - INFO - Attempting to fetch position (attempt 1/3)
2025-07-20 10:09:02,088 - __main__ - INFO - Successfully fetched position data.
2025-07-20 10:09:02,088 - __main__ - INFO - Position for XBTUSD: 100
2025-07-20 10:09:07,005 - __main__ - INFO - No action needed. Signal and position are aligned.
2025-07-20 10:10:07,009 - __main__ - INFO - --- New Cycle ---
2025-07-20 10:10:07,242 - __main__ - INFO - Current Price: 118111.30, SMA(50): 117910.96. Signal: long
2025-07-20 10:10:07,243 - __main__ - INFO - Checking current position...
2025-07-20 10:10:07,243 - __main__ - INFO - Fetching position...
2025-07-20 10:10:07,244 - __main__ - INFO - Attempting to fetch position (attempt 1/3)
2025-07-20 10:10:12,170 - __main__ - INFO - Successfully fetched position data.
2025-07-20 10:10:12,170 - __main__ - INFO - Position for XBTUSD: 100
2025-07-20 10:10:17,176 - __main__ - INFO - No action needed. Signal and position are aligned.
2025-07-20 10:11:17,189 - __main__ - INFO - --- New Cycle ---
2025-07-20 10:11:17,411 - __main__ - INFO - Current Price: 118111.30, SMA(50): 117911.32. Signal: long
2025-07-20 10:11:17,412 - __main__ - INFO - Checking current position...
2025-07-20 10:11:17,412 - __main__ - INFO - Fetching position...
2025-07-20 10:11:17,412 - __main__ - INFO - Attempting to fetch position (attempt 1/3)
2025-07-20 10:11:22,339 - __main__ - INFO - Successfully fetched position data.
2025-07-20 10:11:22,340 - __main__ - INFO - Position for XBTUSD: 100
2025-07-20 10:11:27,350 - __main__ - INFO - No action needed. Signal and position are aligned.
2025-07-20 10:12:27,353 - __main__ - INFO - --- New Cycle ---
2025-07-20 10:12:27,619 - __main__ - INFO - Current Price: 118111.30, SMA(50): 117911.68. Signal: long
2025-07-20 10:12:27,619 - __main__ - INFO - Checking current position...
2025-07-20 10:12:27,619 - __main__ - INFO - Fetching position...
2025-07-20 10:12:27,619 - __main__ - INFO - Attempting to fetch position (attempt 1/3)
2025-07-20 10:12:32,514 - __main__ - INFO - Successfully fetched position data.
2025-07-20 10:12:32,515 - __main__ - INFO - Position for XBTUSD: 100
2025-07-20 10:12:37,521 - __main__ - INFO - No action needed. Signal and position are aligned.
2025-07-20 10:13:37,525 - __main__ - INFO - --- New Cycle ---
2025-07-20 10:13:37,733 - __main__ - INFO - Current Price: 118111.30, SMA(50): 117912.40. Signal: long
2025-07-20 10:13:37,734 - __main__ - INFO - Checking current position...
2025-07-20 10:13:37,734 - __main__ - INFO - Fetching position...
2025-07-20 10:13:37,734 - __main__ - INFO - Attempting to fetch position (attempt 1/3)
2025-07-20 10:13:42,690 - __main__ - INFO - Successfully fetched position data.
2025-07-20 10:13:42,690 - __main__ - INFO - Position for XBTUSD: 100
2025-07-20 10:13:47,694 - __main__ - INFO - No action needed. Signal and position are aligned.
2025-07-20 10:14:47,698 - __main__ - INFO - --- New Cycle ---
2025-07-20 10:14:47,960 - __main__ - INFO - Current Price: 118111.30, SMA(50): 117912.77. Signal: long
2025-07-20 10:14:47,961 - __main__ - INFO - Checking current position...
2025-07-20 10:14:47,961 - __main__ - INFO - Fetching position...
2025-07-20 10:14:47,961 - __main__ - INFO - Attempting to fetch position (attempt 1/3)
2025-07-20 10:14:52,846 - __main__ - INFO - Successfully fetched position data.
2025-07-20 10:14:52,846 - __main__ - INFO - Position for XBTUSD: 100
2025-07-20 10:14:57,857 - __main__ - INFO - No action needed. Signal and position are aligned.
2025-07-20 10:15:57,862 - __main__ - INFO - --- New Cycle ---
2025-07-20 10:15:58,098 - __main__ - INFO - Current Price: 118111.30, SMA(50): 117913.13. Signal: long
2025-07-20 10:15:58,099 - __main__ - INFO - Checking current position...
2025-07-20 10:15:58,099 - __main__ - INFO - Fetching position...
2025-07-20 10:15:58,099 - __main__ - INFO - Attempting to fetch position (attempt 1/3)
2025-07-20 10:16:03,030 - __main__ - INFO - Successfully fetched position data.
2025-07-20 10:16:03,031 - __main__ - INFO - Position for XBTUSD: 100
2025-07-20 10:16:08,027 - __main__ - INFO - No action needed. Signal and position are aligned.
2025-07-20 10:17:08,037 - __main__ - INFO - --- New Cycle ---
2025-07-20 10:17:08,346 - __main__ - INFO - Current Price: 118111.30, SMA(50): 117913.49. Signal: long
2025-07-20 10:17:08,347 - __main__ - INFO - Checking current position...
2025-07-20 10:17:08,347 - __main__ - INFO - Fetching position...
2025-07-20 10:17:08,347 - __main__ - INFO - Attempting to fetch position (attempt 1/3)
2025-07-20 10:17:13,247 - __main__ - INFO - Successfully fetched position data.
2025-07-20 10:17:13,247 - __main__ - INFO - Position for XBTUSD: 100
2025-07-20 10:17:18,200 - __main__ - INFO - No action needed. Signal and position are aligned.
2025-07-20 10:18:18,214 - __main__ - INFO - --- New Cycle ---
2025-07-20 10:18:18,670 - __main__ - INFO - Current Price: 118111.30, SMA(50): 117913.85. Signal: long
2025-07-20 10:18:18,671 - __main__ - INFO - Checking current position...
2025-07-20 10:18:18,671 - __main__ - INFO - Fetching position...
2025-07-20 10:18:18,671 - __main__ - INFO - Attempting to fetch position (attempt 1/3)
2025-07-20 10:18:23,371 - __main__ - INFO - Successfully fetched position data.
2025-07-20 10:18:23,371 - __main__ - INFO - Position for XBTUSD: 100
2025-07-20 10:18:28,400 - __main__ - INFO - No action needed. Signal and position are aligned.
2025-07-20 10:19:28,404 - __main__ - INFO - --- New Cycle ---
2025-07-20 10:19:28,747 - __main__ - INFO - Current Price: 118111.30, SMA(50): 117914.21. Signal: long
2025-07-20 10:19:28,747 - __main__ - INFO - Checking current position...
2025-07-20 10:19:28,747 - __main__ - INFO - Fetching position...
2025-07-20 10:19:28,747 - __main__ - INFO - Attempting to fetch position (attempt 1/3)
2025-07-20 10:19:33,566 - __main__ - INFO - Successfully fetched position data.
2025-07-20 10:19:33,566 - __main__ - INFO - Position for XBTUSD: 100
2025-07-20 10:19:38,576 - __main__ - INFO - No action needed. Signal and position are aligned.
2025-07-20 10:20:38,587 - __main__ - INFO - --- New Cycle ---
2025-07-20 10:20:38,813 - __main__ - INFO - Current Price: 118111.30, SMA(50): 117918.81. Signal: long
2025-07-20 10:20:38,814 - __main__ - INFO - Checking current position...
2025-07-20 10:20:38,814 - __main__ - INFO - Fetching position...
2025-07-20 10:20:38,814 - __main__ - INFO - Attempting to fetch position (attempt 1/3)
2025-07-20 10:20:43,750 - __main__ - INFO - Successfully fetched position data.
2025-07-20 10:20:43,751 - __main__ - INFO - Position for XBTUSD: 100
2025-07-20 10:20:48,753 - __main__ - INFO - No action needed. Signal and position are aligned.
2025-07-20 10:21:48,756 - __main__ - INFO - --- New Cycle ---
2025-07-20 10:21:49,000 - __main__ - INFO - Current Price: 117902.10, SMA(50): 117916.92. Signal: short
2025-07-20 10:21:49,001 - __main__ - INFO - Checking current position...
2025-07-20 10:21:49,001 - __main__ - INFO - Fetching position...
2025-07-20 10:21:49,002 - __main__ - INFO - Attempting to fetch position (attempt 1/3)
2025-07-20 10:21:53,905 - __main__ - INFO - Successfully fetched position data.
2025-07-20 10:21:53,905 - __main__ - INFO - Position for XBTUSD: 100
2025-07-20 10:21:58,918 - __main__ - INFO - Reversing from LONG to SHORT.
2025-07-20 10:22:03,942 - __main__ - INFO - Closing LONG position with SELL order at 117913.2
2025-07-20 10:22:04,954 - __main__ - INFO - Placed SELL LIMIT order for 100 at 117913.0
2025-07-20 10:22:04,954 - __main__ - INFO - Time to CLOSE LONG after signal: 1.01 seconds
2025-07-20 10:22:04,954 - __main__ - INFO - Closing LONG position with SELL order 466d8aa1-b4ee-4d62-982c-eefa5da34fb9
2025-07-20 10:22:09,992 - __main__ - INFO - Opening SELL position with order at 117769.4
2025-07-20 10:22:10,963 - __main__ - INFO - Placed SELL LIMIT order for 100 at 117769.5
2025-07-20 10:22:10,964 - __main__ - INFO - Time to OPEN SELL after signal: 0.97 seconds
2025-07-20 10:22:10,964 - __main__ - INFO - Opening SELL position with order 49411c16-bc73-4197-b4a3-88a0784a236d
2025-07-20 10:22:15,975 - __main__ - INFO - --- New Cycle ---
2025-07-20 10:22:16,139 - __main__ - INFO - Current Price: 117902.10, SMA(50): 117916.92. Signal: short
2025-07-20 10:22:16,140 - __main__ - INFO - Checking current position...
2025-07-20 10:22:16,140 - __main__ - INFO - Fetching position...
2025-07-20 10:22:16,140 - __main__ - INFO - Attempting to fetch position (attempt 1/3)
2025-07-20 10:22:21,144 - __main__ - INFO - Successfully fetched position data.
2025-07-20 10:22:21,144 - __main__ - INFO - Position for XBTUSD: 0
2025-07-20 10:22:26,145 - __main__ - INFO - Found 1 open order(s). Managing...
2025-07-20 10:22:31,167 - __main__ - INFO - Order 49411c16-bc73-4197-b4a3-88a0784a236d is too old (10820.25s), cancelling.
2025-07-20 10:22:42,166 - __main__ - INFO - --- New Cycle ---
2025-07-20 10:22:42,319 - __main__ - INFO - Current Price: 117913.20, SMA(50): 117915.26. Signal: short
2025-07-20 10:22:42,320 - __main__ - INFO - Checking current position...
2025-07-20 10:22:42,320 - __main__ - INFO - Fetching position...
2025-07-20 10:22:42,320 - __main__ - INFO - Attempting to fetch position (attempt 1/3)
2025-07-20 10:22:47,320 - __main__ - INFO - Successfully fetched position data.
2025-07-20 10:22:47,320 - __main__ - INFO - Position for XBTUSD: 0
2025-07-20 10:22:57,338 - __main__ - INFO - Opening SELL position with order at 117769.4
2025-07-20 10:22:58,452 - __main__ - INFO - Placed SELL LIMIT order for 100 at 117769.5
2025-07-20 10:22:58,452 - __main__ - INFO - Time to OPEN SELL after signal: 1.11 seconds
2025-07-20 10:22:58,452 - __main__ - INFO - Opening SELL position with order f19ba4a8-dc0f-4496-934d-89825ddb2fdb
2025-07-20 10:23:03,462 - __main__ - INFO - --- New Cycle ---
2025-07-20 10:23:03,639 - __main__ - INFO - Current Price: 117913.20, SMA(50): 117915.26. Signal: short
2025-07-20 10:23:03,639 - __main__ - INFO - Checking current position...
2025-07-20 10:23:03,640 - __main__ - INFO - Fetching position...
2025-07-20 10:23:03,640 - __main__ - INFO - Attempting to fetch position (attempt 1/3)
2025-07-20 10:23:08,612 - __main__ - INFO - Successfully fetched position data.
2025-07-20 10:23:08,612 - __main__ - INFO - Position for XBTUSD: 0
2025-07-20 10:23:13,621 - __main__ - INFO - Found 1 open order(s). Managing...
2025-07-20 10:23:18,636 - __main__ - INFO - Order f19ba4a8-dc0f-4496-934d-89825ddb2fdb is too old (10820.33s), cancelling.
2025-07-20 10:23:29,670 - __main__ - INFO - --- New Cycle ---
2025-07-20 10:23:29,903 - __main__ - INFO - Current Price: 117913.20, SMA(50): 117913.60. Signal: short
2025-07-20 10:23:29,904 - __main__ - INFO - Checking current position...
2025-07-20 10:23:29,905 - __main__ - INFO - Fetching position...
2025-07-20 10:23:29,905 - __main__ - INFO - Attempting to fetch position (attempt 1/3)
2025-07-20 10:23:34,817 - __main__ - INFO - Successfully fetched position data.
2025-07-20 10:23:34,818 - __main__ - INFO - Position for XBTUSD: 0
2025-07-20 10:23:44,860 - __main__ - INFO - Opening SELL position with order at 117907.4
2025-07-20 10:23:45,892 - __main__ - INFO - Placed SELL LIMIT order for 100 at 117907.5
2025-07-20 10:23:45,892 - __main__ - INFO - Time to OPEN SELL after signal: 1.03 seconds
2025-07-20 10:23:45,892 - __main__ - INFO - Opening SELL position with order 51400083-de55-425e-b7d2-22ac7fd96303
2025-07-20 10:23:50,903 - __main__ - INFO - --- New Cycle ---
2025-07-20 10:23:51,069 - __main__ - INFO - Current Price: 117913.20, SMA(50): 117913.60. Signal: short
2025-07-20 10:23:51,069 - __main__ - INFO - Checking current position...
2025-07-20 10:23:51,069 - __main__ - INFO - Fetching position...
2025-07-20 10:23:51,069 - __main__ - INFO - Attempting to fetch position (attempt 1/3)
2025-07-20 10:23:56,075 - __main__ - INFO - Successfully fetched position data.
2025-07-20 10:23:56,076 - __main__ - INFO - Position for XBTUSD: 0
2025-07-20 10:24:01,063 - __main__ - INFO - Found 1 open order(s). Managing...
2025-07-20 10:24:06,069 - __main__ - INFO - Order 51400083-de55-425e-b7d2-22ac7fd96303 is too old (10820.22s), cancelling.
2025-07-20 10:24:17,265 - __main__ - INFO - --- New Cycle ---
2025-07-20 10:24:17,426 - __main__ - INFO - Current Price: 117913.20, SMA(50): 117913.60. Signal: short
2025-07-20 10:24:17,427 - __main__ - INFO - Checking current position...
2025-07-20 10:24:17,427 - __main__ - INFO - Fetching position...
2025-07-20 10:24:17,427 - __main__ - INFO - Attempting to fetch position (attempt 1/3)
2025-07-20 10:24:22,427 - __main__ - INFO - Successfully fetched position data.
2025-07-20 10:24:22,428 - __main__ - INFO - Position for XBTUSD: 0
2025-07-20 10:24:32,561 - __main__ - INFO - Opening SELL position with order at 117908.4
2025-07-20 10:24:33,449 - __main__ - INFO - Placed SELL LIMIT order for 100 at 117908.5
2025-07-20 10:24:33,449 - __main__ - INFO - Time to OPEN SELL after signal: 0.89 seconds
2025-07-20 10:24:33,449 - __main__ - INFO - Opening SELL position with order 9f57b8e0-0c07-4841-b0d5-29204b1f14f9
2025-07-20 10:24:38,458 - __main__ - INFO - --- New Cycle ---
2025-07-20 10:24:38,604 - __main__ - INFO - Current Price: 117913.20, SMA(50): 117911.93. Signal: long
2025-07-20 10:24:38,605 - __main__ - INFO - Checking current position...
2025-07-20 10:24:38,605 - __main__ - INFO - Fetching position...
2025-07-20 10:24:38,605 - __main__ - INFO - Attempting to fetch position (attempt 1/3)
2025-07-20 10:24:43,606 - __main__ - INFO - Successfully fetched position data.
2025-07-20 10:24:43,606 - __main__ - INFO - Position for XBTUSD: 0
2025-07-20 10:24:48,627 - __main__ - INFO - Found 1 open order(s). Managing...
2025-07-20 10:24:53,629 - __main__ - INFO - Order 9f57b8e0-0c07-4841-b0d5-29204b1f14f9 is too old (10820.22s), cancelling.
2025-07-20 10:25:04,647 - __main__ - INFO - --- New Cycle ---
2025-07-20 10:25:04,903 - __main__ - INFO - Current Price: 117913.20, SMA(50): 117911.93. Signal: long
2025-07-20 10:25:04,904 - __main__ - INFO - Checking current position...
2025-07-20 10:25:04,904 - __main__ - INFO - Fetching position...
2025-07-20 10:25:04,904 - __main__ - INFO - Attempting to fetch position (attempt 1/3)
2025-07-20 10:25:09,806 - __main__ - INFO - Successfully fetched position data.
2025-07-20 10:25:09,808 - __main__ - INFO - Position for XBTUSD: 0
2025-07-20 10:25:19,801 - __main__ - INFO - Opening BUY position with order at 118085.4
2025-07-20 10:25:20,805 - __main__ - INFO - Placed BUY LIMIT order for 100 at 118085.5
2025-07-20 10:25:20,805 - __main__ - INFO - Time to OPEN BUY after signal: 1.00 seconds
2025-07-20 10:25:20,805 - __main__ - INFO - Opening BUY position with order 55ec9376-6503-481f-9d75-3df74b8c258f
2025-07-20 10:25:25,813 - __main__ - INFO - --- New Cycle ---
2025-07-20 10:25:25,976 - __main__ - INFO - Current Price: 117913.20, SMA(50): 117911.93. Signal: long
2025-07-20 10:25:25,977 - __main__ - INFO - Checking current position...
2025-07-20 10:25:25,977 - __main__ - INFO - Fetching position...
2025-07-20 10:25:25,977 - __main__ - INFO - Attempting to fetch position (attempt 1/3)
2025-07-20 10:25:30,960 - __main__ - INFO - Successfully fetched position data.
2025-07-20 10:25:30,960 - __main__ - INFO - Position for XBTUSD: 100
2025-07-20 10:25:36,063 - __main__ - INFO - No action needed. Signal and position are aligned.
2025-07-20 10:26:36,071 - __main__ - INFO - --- New Cycle ---
2025-07-20 10:26:36,327 - __main__ - INFO - Current Price: 118085.40, SMA(50): 117919.36. Signal: long
2025-07-20 10:26:36,328 - __main__ - INFO - Checking current position...
2025-07-20 10:26:36,328 - __main__ - INFO - Fetching position...
2025-07-20 10:26:36,328 - __main__ - INFO - Attempting to fetch position (attempt 1/3)
2025-07-20 10:26:41,232 - __main__ - INFO - Successfully fetched position data.
2025-07-20 10:26:41,233 - __main__ - INFO - Position for XBTUSD: 100
2025-07-20 10:26:46,220 - __main__ - INFO - No action needed. Signal and position are aligned.
2025-07-20 10:27:46,230 - __main__ - INFO - --- New Cycle ---
2025-07-20 10:27:46,644 - __main__ - INFO - Current Price: 118085.40, SMA(50): 117927.00. Signal: long
2025-07-20 10:27:46,645 - __main__ - INFO - Checking current position...
2025-07-20 10:27:46,645 - __main__ - INFO - Fetching position...
2025-07-20 10:27:46,645 - __main__ - INFO - Attempting to fetch position (attempt 1/3)
2025-07-20 10:27:51,376 - __main__ - INFO - Successfully fetched position data.
2025-07-20 10:27:51,377 - __main__ - INFO - Position for XBTUSD: 100
2025-07-20 10:27:56,379 - __main__ - INFO - No action needed. Signal and position are aligned.
2025-07-20 10:28:56,387 - __main__ - INFO - --- New Cycle ---
2025-07-20 10:28:56,733 - __main__ - INFO - Current Price: 118085.40, SMA(50): 117934.65. Signal: long
2025-07-20 10:28:56,734 - __main__ - INFO - Checking current position...
2025-07-20 10:28:56,734 - __main__ - INFO - Fetching position...
2025-07-20 10:28:56,734 - __main__ - INFO - Attempting to fetch position (attempt 1/3)
2025-07-20 10:29:01,519 - __main__ - INFO - Successfully fetched position data.
2025-07-20 10:29:01,520 - __main__ - INFO - Position for XBTUSD: 100
2025-07-20 10:29:06,541 - __main__ - INFO - No action needed. Signal and position are aligned.
2025-07-20 10:30:06,549 - __main__ - INFO - --- New Cycle ---
2025-07-20 10:30:06,855 - __main__ - INFO - Current Price: 118085.40, SMA(50): 117942.29. Signal: long
2025-07-20 10:30:06,856 - __main__ - INFO - Checking current position...
2025-07-20 10:30:06,856 - __main__ - INFO - Fetching position...
2025-07-20 10:30:06,856 - __main__ - INFO - Attempting to fetch position (attempt 1/3)
2025-07-20 10:30:11,698 - __main__ - INFO - Successfully fetched position data.
2025-07-20 10:30:11,698 - __main__ - INFO - Position for XBTUSD: 100
2025-07-20 10:30:16,704 - __main__ - INFO - No action needed. Signal and position are aligned.
2025-07-20 10:31:16,711 - __main__ - INFO - --- New Cycle ---
2025-07-20 10:31:16,976 - __main__ - INFO - Current Price: 118085.40, SMA(50): 117949.94. Signal: long
2025-07-20 10:31:16,977 - __main__ - INFO - Checking current position...
2025-07-20 10:31:16,978 - __main__ - INFO - Fetching position...
2025-07-20 10:31:16,978 - __main__ - INFO - Attempting to fetch position (attempt 1/3)
2025-07-20 10:31:21,869 - __main__ - INFO - Successfully fetched position data.
2025-07-20 10:31:21,869 - __main__ - INFO - Position for XBTUSD: 100
2025-07-20 10:31:26,860 - __main__ - INFO - No action needed. Signal and position are aligned.
2025-07-20 10:32:26,863 - __main__ - INFO - --- New Cycle ---
2025-07-20 10:32:27,090 - __main__ - INFO - Current Price: 118085.40, SMA(50): 117957.58. Signal: long
2025-07-20 10:32:27,090 - __main__ - INFO - Checking current position...
2025-07-20 10:32:27,090 - __main__ - INFO - Fetching position...
2025-07-20 10:32:27,090 - __main__ - INFO - Attempting to fetch position (attempt 1/3)
2025-07-20 10:32:32,015 - __main__ - INFO - Successfully fetched position data.
2025-07-20 10:32:32,016 - __main__ - INFO - Position for XBTUSD: 100
2025-07-20 10:32:37,024 - __main__ - INFO - No action needed. Signal and position are aligned.
2025-07-20 10:33:37,030 - __main__ - INFO - --- New Cycle ---
2025-07-20 10:33:37,299 - __main__ - INFO - Current Price: 118085.40, SMA(50): 117972.87. Signal: long
2025-07-20 10:33:37,300 - __main__ - INFO - Checking current position...
2025-07-20 10:33:37,300 - __main__ - INFO - Fetching position...
2025-07-20 10:33:37,300 - __main__ - INFO - Attempting to fetch position (attempt 1/3)
2025-07-20 10:33:42,198 - __main__ - INFO - Successfully fetched position data.
2025-07-20 10:33:42,198 - __main__ - INFO - Position for XBTUSD: 100
2025-07-20 10:33:47,180 - __main__ - INFO - No action needed. Signal and position are aligned.
2025-07-20 10:34:47,196 - __main__ - INFO - --- New Cycle ---
2025-07-20 10:34:47,422 - __main__ - INFO - Current Price: 118085.40, SMA(50): 117980.51. Signal: long
2025-07-20 10:34:47,424 - __main__ - INFO - Checking current position...
2025-07-20 10:34:47,424 - __main__ - INFO - Fetching position...
2025-07-20 10:34:47,424 - __main__ - INFO - Attempting to fetch position (attempt 1/3)
2025-07-20 10:34:52,351 - __main__ - INFO - Successfully fetched position data.
2025-07-20 10:34:52,352 - __main__ - INFO - Position for XBTUSD: 100
2025-07-20 10:34:57,361 - __main__ - INFO - No action needed. Signal and position are aligned.
2025-07-20 10:35:57,367 - __main__ - INFO - --- New Cycle ---
2025-07-20 10:35:57,676 - __main__ - INFO - Current Price: 118085.40, SMA(50): 117988.16. Signal: long
2025-07-20 10:35:57,677 - __main__ - INFO - Checking current position...
2025-07-20 10:35:57,677 - __main__ - INFO - Fetching position...
2025-07-20 10:35:57,677 - __main__ - INFO - Attempting to fetch position (attempt 1/3)
2025-07-20 10:36:02,521 - __main__ - INFO - Successfully fetched position data.
2025-07-20 10:36:02,521 - __main__ - INFO - Position for XBTUSD: 100
2025-07-20 10:36:07,531 - __main__ - INFO - No action needed. Signal and position are aligned.
2025-07-20 10:37:07,537 - __main__ - INFO - --- New Cycle ---
2025-07-20 10:37:07,839 - __main__ - INFO - Current Price: 118085.40, SMA(50): 117995.80. Signal: long
2025-07-20 10:37:07,841 - __main__ - INFO - Checking current position...
2025-07-20 10:37:07,841 - __main__ - INFO - Fetching position...
2025-07-20 10:37:07,841 - __main__ - INFO - Attempting to fetch position (attempt 1/3)
2025-07-20 10:37:12,695 - __main__ - INFO - Successfully fetched position data.
2025-07-20 10:37:12,695 - __main__ - INFO - Position for XBTUSD: 100
2025-07-20 10:37:17,682 - __main__ - INFO - No action needed. Signal and position are aligned.
2025-07-20 10:38:17,687 - __main__ - INFO - --- New Cycle ---
2025-07-20 10:38:17,690 - __main__ - INFO - Resynchronizing time with server...
2025-07-20 10:38:19,255 - __main__ - INFO - Time offset from server: -0.26 seconds
2025-07-20 10:38:19,257 - __main__ - INFO - Time offset updated to: -0.26 seconds
2025-07-20 10:38:19,538 - __main__ - INFO - Current Price: 118085.40, SMA(50): 118003.44. Signal: long
2025-07-20 10:38:19,539 - __main__ - INFO - Checking current position...
2025-07-20 10:38:19,540 - __main__ - INFO - Fetching position...
2025-07-20 10:38:19,540 - __main__ - INFO - Attempting to fetch position (attempt 1/3)
2025-07-20 10:38:24,410 - __main__ - INFO - Successfully fetched position data.
2025-07-20 10:38:24,411 - __main__ - INFO - Position for XBTUSD: 100
2025-07-20 10:38:29,410 - __main__ - INFO - No action needed. Signal and position are aligned.
2025-07-20 10:39:29,416 - __main__ - INFO - --- New Cycle ---
2025-07-20 10:39:29,648 - __main__ - INFO - Current Price: 118085.40, SMA(50): 118011.09. Signal: long
2025-07-20 10:39:29,650 - __main__ - INFO - Checking current position...
2025-07-20 10:39:29,650 - __main__ - INFO - Fetching position...
2025-07-20 10:39:29,650 - __main__ - INFO - Attempting to fetch position (attempt 1/3)
2025-07-20 10:39:34,582 - __main__ - INFO - Successfully fetched position data.
2025-07-20 10:39:34,582 - __main__ - INFO - Position for XBTUSD: 100
2025-07-20 10:39:39,839 - __main__ - INFO - No action needed. Signal and position are aligned.
2025-07-20 10:40:39,852 - __main__ - INFO - --- New Cycle ---
2025-07-20 10:40:40,122 - __main__ - INFO - Current Price: 118085.40, SMA(50): 118026.38. Signal: long
2025-07-20 10:40:40,124 - __main__ - INFO - Checking current position...
2025-07-20 10:40:40,124 - __main__ - INFO - Fetching position...
2025-07-20 10:40:40,124 - __main__ - INFO - Attempting to fetch position (attempt 1/3)
2025-07-20 10:40:45,004 - __main__ - INFO - Successfully fetched position data.
2025-07-20 10:40:45,004 - __main__ - INFO - Position for XBTUSD: 100
2025-07-20 10:40:50,003 - __main__ - INFO - No action needed. Signal and position are aligned.
2025-07-20 10:41:50,011 - __main__ - INFO - --- New Cycle ---
2025-07-20 10:41:50,229 - __main__ - INFO - Current Price: 118085.40, SMA(50): 118034.02. Signal: long
2025-07-20 10:41:50,230 - __main__ - INFO - Checking current position...
2025-07-20 10:41:50,230 - __main__ - INFO - Fetching position...
2025-07-20 10:41:50,230 - __main__ - INFO - Attempting to fetch position (attempt 1/3)
2025-07-20 10:41:55,236 - __main__ - INFO - Successfully fetched position data.
2025-07-20 10:41:55,236 - __main__ - INFO - Position for XBTUSD: 100
2025-07-20 10:42:00,156 - __main__ - INFO - No action needed. Signal and position are aligned.
2025-07-20 10:43:00,167 - __main__ - INFO - --- New Cycle ---
2025-07-20 10:43:00,468 - __main__ - INFO - Current Price: 118085.40, SMA(50): 118041.66. Signal: long
2025-07-20 10:43:00,470 - __main__ - INFO - Checking current position...
2025-07-20 10:43:00,470 - __main__ - INFO - Fetching position...
2025-07-20 10:43:00,470 - __main__ - INFO - Attempting to fetch position (attempt 1/3)
2025-07-20 10:43:05,332 - __main__ - INFO - Successfully fetched position data.
2025-07-20 10:43:05,333 - __main__ - INFO - Position for XBTUSD: 100
2025-07-20 10:43:10,346 - __main__ - INFO - No action needed. Signal and position are aligned.
2025-07-20 10:44:10,353 - __main__ - INFO - --- New Cycle ---
2025-07-20 10:44:10,553 - __main__ - INFO - Current Price: 118085.40, SMA(50): 118049.31. Signal: long
2025-07-20 10:44:10,555 - __main__ - INFO - Checking current position...
2025-07-20 10:44:10,555 - __main__ - INFO - Fetching position...
2025-07-20 10:44:10,555 - __main__ - INFO - Attempting to fetch position (attempt 1/3)
2025-07-20 10:44:15,519 - __main__ - INFO - Successfully fetched position data.
2025-07-20 10:44:15,520 - __main__ - INFO - Position for XBTUSD: 100
2025-07-20 10:44:20,534 - __main__ - INFO - No action needed. Signal and position are aligned.
2025-07-20 10:45:20,544 - __main__ - INFO - --- New Cycle ---
2025-07-20 10:45:20,822 - __main__ - INFO - Current Price: 118085.40, SMA(50): 118056.95. Signal: long
2025-07-20 10:45:20,826 - __main__ - INFO - Checking current position...
2025-07-20 10:45:20,826 - __main__ - INFO - Fetching position...
2025-07-20 10:45:20,826 - __main__ - INFO - Attempting to fetch position (attempt 1/3)
2025-07-20 10:45:25,697 - __main__ - INFO - Successfully fetched position data.
2025-07-20 10:45:25,697 - __main__ - INFO - Position for XBTUSD: 100
2025-07-20 10:45:30,733 - __main__ - INFO - No action needed. Signal and position are aligned.
2025-07-20 10:46:30,741 - __main__ - INFO - --- New Cycle ---
2025-07-20 10:46:31,315 - __main__ - INFO - Current Price: 118085.40, SMA(50): 118065.87. Signal: long
2025-07-20 10:46:31,316 - __main__ - INFO - Checking current position...
2025-07-20 10:46:31,316 - __main__ - INFO - Fetching position...
2025-07-20 10:46:31,316 - __main__ - INFO - Attempting to fetch position (attempt 1/3)
2025-07-20 10:46:35,890 - __main__ - INFO - Successfully fetched position data.
2025-07-20 10:46:35,890 - __main__ - INFO - Position for XBTUSD: 100
2025-07-20 10:46:40,891 - __main__ - INFO - No action needed. Signal and position are aligned.
2025-07-20 10:47:40,896 - __main__ - INFO - --- New Cycle ---
2025-07-20 10:47:41,136 - __main__ - INFO - Current Price: 118445.10, SMA(50): 118081.54. Signal: long
2025-07-20 10:47:41,139 - __main__ - INFO - Checking current position...
2025-07-20 10:47:41,139 - __main__ - INFO - Fetching position...
2025-07-20 10:47:41,139 - __main__ - INFO - Attempting to fetch position (attempt 1/3)
2025-07-20 10:47:46,054 - __main__ - INFO - Successfully fetched position data.
2025-07-20 10:47:46,055 - __main__ - INFO - Position for XBTUSD: 100
2025-07-20 10:47:51,047 - __main__ - INFO - No action needed. Signal and position are aligned.
2025-07-20 10:48:51,055 - __main__ - INFO - --- New Cycle ---
2025-07-20 10:48:51,276 - __main__ - INFO - Current Price: 118445.10, SMA(50): 118090.01. Signal: long
2025-07-20 10:48:51,277 - __main__ - INFO - Checking current position...
2025-07-20 10:48:51,277 - __main__ - INFO - Fetching position...
2025-07-20 10:48:51,277 - __main__ - INFO - Attempting to fetch position (attempt 1/3)
2025-07-20 10:48:56,209 - __main__ - INFO - Successfully fetched position data.
2025-07-20 10:48:56,210 - __main__ - INFO - Position for XBTUSD: 100
2025-07-20 10:49:01,219 - __main__ - INFO - No action needed. Signal and position are aligned.
2025-07-20 10:50:01,231 - __main__ - INFO - --- New Cycle ---
2025-07-20 10:50:01,524 - __main__ - INFO - Current Price: 118445.10, SMA(50): 118098.48. Signal: long
2025-07-20 10:50:01,525 - __main__ - INFO - Checking current position...
2025-07-20 10:50:01,525 - __main__ - INFO - Fetching position...
2025-07-20 10:50:01,525 - __main__ - INFO - Attempting to fetch position (attempt 1/3)
2025-07-20 10:50:06,429 - __main__ - INFO - Successfully fetched position data.
2025-07-20 10:50:06,429 - __main__ - INFO - Position for XBTUSD: 100
2025-07-20 10:50:11,394 - __main__ - INFO - No action needed. Signal and position are aligned.
2025-07-20 10:51:11,400 - __main__ - INFO - --- New Cycle ---
2025-07-20 10:51:11,906 - __main__ - INFO - Current Price: 118445.10, SMA(50): 118106.96. Signal: long
2025-07-20 10:51:11,907 - __main__ - INFO - Checking current position...
2025-07-20 10:51:11,907 - __main__ - INFO - Fetching position...
2025-07-20 10:51:11,907 - __main__ - INFO - Attempting to fetch position (attempt 1/3)
2025-07-20 10:51:16,553 - __main__ - INFO - Successfully fetched position data.
2025-07-20 10:51:16,554 - __main__ - INFO - Position for XBTUSD: 100
2025-07-20 10:51:21,568 - __main__ - INFO - No action needed. Signal and position are aligned.
2025-07-20 10:52:21,578 - __main__ - INFO - --- New Cycle ---
2025-07-20 10:52:21,842 - __main__ - INFO - Current Price: 118431.60, SMA(50): 118115.16. Signal: long
2025-07-20 10:52:21,843 - __main__ - INFO - Checking current position...
2025-07-20 10:52:21,843 - __main__ - INFO - Fetching position...
2025-07-20 10:52:21,843 - __main__ - INFO - Attempting to fetch position (attempt 1/3)
2025-07-20 10:52:26,741 - __main__ - INFO - Successfully fetched position data.
2025-07-20 10:52:26,742 - __main__ - INFO - Position for XBTUSD: 100
2025-07-20 10:52:31,731 - __main__ - INFO - No action needed. Signal and position are aligned.
2025-07-20 10:53:31,656 - __main__ - INFO - --- New Cycle ---
2025-07-20 10:53:31,899 - __main__ - INFO - Current Price: 118431.60, SMA(50): 118131.56. Signal: long
2025-07-20 10:53:31,900 - __main__ - INFO - Checking current position...
2025-07-20 10:53:31,901 - __main__ - INFO - Fetching position...
2025-07-20 10:53:31,901 - __main__ - INFO - Attempting to fetch position (attempt 1/3)
2025-07-20 10:53:36,817 - __main__ - INFO - Successfully fetched position data.
2025-07-20 10:53:36,818 - __main__ - INFO - Position for XBTUSD: 100
2025-07-20 10:53:41,824 - __main__ - INFO - No action needed. Signal and position are aligned.
2025-07-20 10:54:41,832 - __main__ - INFO - --- New Cycle ---
2025-07-20 10:54:42,084 - __main__ - INFO - Current Price: 118431.60, SMA(50): 118139.76. Signal: long
2025-07-20 10:54:42,086 - __main__ - INFO - Checking current position...
2025-07-20 10:54:42,086 - __main__ - INFO - Fetching position...
2025-07-20 10:54:42,086 - __main__ - INFO - Attempting to fetch position (attempt 1/3)
2025-07-20 10:54:46,975 - __main__ - INFO - Successfully fetched position data.
2025-07-20 10:54:46,975 - __main__ - INFO - Position for XBTUSD: 100
2025-07-20 10:54:51,999 - __main__ - INFO - No action needed. Signal and position are aligned.
2025-07-20 10:55:52,005 - __main__ - INFO - --- New Cycle ---
2025-07-20 10:55:52,244 - __main__ - INFO - Current Price: 118431.60, SMA(50): 118147.97. Signal: long
2025-07-20 10:55:52,245 - __main__ - INFO - Checking current position...
2025-07-20 10:55:52,245 - __main__ - INFO - Fetching position...
2025-07-20 10:55:52,245 - __main__ - INFO - Attempting to fetch position (attempt 1/3)
2025-07-20 10:55:57,154 - __main__ - INFO - Successfully fetched position data.
2025-07-20 10:55:57,154 - __main__ - INFO - Position for XBTUSD: 100
2025-07-20 10:56:02,175 - __main__ - INFO - No action needed. Signal and position are aligned.
2025-07-20 10:57:02,179 - __main__ - INFO - --- New Cycle ---
2025-07-20 10:57:02,452 - __main__ - INFO - Current Price: 117870.10, SMA(50): 118133.71. Signal: short
2025-07-20 10:57:02,452 - __main__ - INFO - Checking current position...
2025-07-20 10:57:02,452 - __main__ - INFO - Fetching position...
2025-07-20 10:57:02,452 - __main__ - INFO - Attempting to fetch position (attempt 1/3)
2025-07-20 10:57:07,371 - __main__ - INFO - Successfully fetched position data.
2025-07-20 10:57:07,371 - __main__ - INFO - Position for XBTUSD: 100
2025-07-20 10:57:12,337 - __main__ - INFO - Reversing from LONG to SHORT.
2025-07-20 10:57:17,352 - __main__ - INFO - Closing LONG position with SELL order at 117986.6
2025-07-20 10:57:18,363 - __main__ - INFO - Placed SELL LIMIT order for 100 at 117986.5
2025-07-20 10:57:18,363 - __main__ - INFO - Time to CLOSE LONG after signal: 1.01 seconds
2025-07-20 10:57:18,363 - __main__ - INFO - Closing LONG position with SELL order 28b16cae-b849-4811-9c32-626b7eba25f8
2025-07-20 10:57:23,370 - __main__ - INFO - Opening SELL position with order at 117986.6
2025-07-20 10:57:24,369 - __main__ - INFO - Placed SELL LIMIT order for 100 at 117986.5
2025-07-20 10:57:24,370 - __main__ - INFO - Time to OPEN SELL after signal: 1.00 seconds
2025-07-20 10:57:24,370 - __main__ - INFO - Opening SELL position with order ac9a3dbd-01c7-48d0-885c-07cd1b707d64
2025-07-20 10:57:29,376 - __main__ - INFO - --- New Cycle ---
2025-07-20 10:57:29,527 - __main__ - INFO - Current Price: 118181.10, SMA(50): 118139.93. Signal: long
2025-07-20 10:57:29,528 - __main__ - INFO - Checking current position...
2025-07-20 10:57:29,528 - __main__ - INFO - Fetching position...
2025-07-20 10:57:29,528 - __main__ - INFO - Attempting to fetch position (attempt 1/3)
2025-07-20 10:57:34,531 - __main__ - INFO - Successfully fetched position data.
2025-07-20 10:57:34,531 - __main__ - INFO - Position for XBTUSD: -100
2025-07-20 10:57:39,566 - __main__ - INFO - Reversing from SHORT to LONG.
2025-07-20 10:57:44,537 - __main__ - INFO - Closing SHORT position with BUY order at 118340.5
2025-07-20 10:57:45,557 - __main__ - INFO - Placed BUY LIMIT order for 100 at 118340.5
2025-07-20 10:57:45,557 - __main__ - INFO - Time to CLOSE SHORT after signal: 1.02 seconds
2025-07-20 10:57:45,557 - __main__ - INFO - Closing SHORT position with BUY order 49d609fc-ae4d-410e-8fb8-1fe512aefa19
2025-07-20 10:57:50,546 - __main__ - INFO - Opening BUY position with order at 118340.5
2025-07-20 10:57:51,644 - __main__ - INFO - Placed BUY LIMIT order for 100 at 118340.5
2025-07-20 10:57:51,644 - __main__ - INFO - Time to OPEN BUY after signal: 1.10 seconds
2025-07-20 10:57:51,644 - __main__ - INFO - Opening BUY position with order 24fd6729-b3de-4d0d-b311-bce1b27ead4f
2025-07-20 10:57:56,646 - __main__ - INFO - --- New Cycle ---
2025-07-20 10:57:56,868 - __main__ - INFO - Current Price: 117986.60, SMA(50): 118137.43. Signal: short
2025-07-20 10:57:56,870 - __main__ - INFO - Checking current position...
2025-07-20 10:57:56,870 - __main__ - INFO - Fetching position...
2025-07-20 10:57:56,871 - __main__ - INFO - Attempting to fetch position (attempt 1/3)
2025-07-20 10:58:01,843 - __main__ - INFO - Successfully fetched position data.
2025-07-20 10:58:01,843 - __main__ - INFO - Position for XBTUSD: 100
2025-07-20 10:58:06,903 - __main__ - INFO - Reversing from LONG to SHORT.
2025-07-20 10:58:11,807 - __main__ - INFO - Closing LONG position with SELL order at 117870.1
2025-07-20 10:58:12,824 - __main__ - INFO - Placed SELL LIMIT order for 100 at 117870.0
2025-07-20 10:58:12,824 - __main__ - INFO - Time to CLOSE LONG after signal: 1.02 seconds
2025-07-20 10:58:12,824 - __main__ - INFO - Closing LONG position with SELL order 98fc5c02-2256-4cba-aceb-d86606da11b1
2025-07-20 10:58:17,821 - __main__ - INFO - Opening SELL position with order at 117870.1
2025-07-20 10:58:18,836 - __main__ - INFO - Placed SELL LIMIT order for 100 at 117870.0
2025-07-20 10:58:18,836 - __main__ - INFO - Time to OPEN SELL after signal: 1.01 seconds
2025-07-20 10:58:18,836 - __main__ - INFO - Opening SELL position with order df0a3929-79a1-41ca-b574-72e903199df3
2025-07-20 10:58:23,841 - __main__ - INFO - --- New Cycle ---
2025-07-20 10:58:24,001 - __main__ - INFO - Current Price: 118340.50, SMA(50): 118144.51. Signal: long
2025-07-20 10:58:24,002 - __main__ - INFO - Checking current position...
2025-07-20 10:58:24,002 - __main__ - INFO - Fetching position...
2025-07-20 10:58:24,002 - __main__ - INFO - Attempting to fetch position (attempt 1/3)
2025-07-20 10:58:28,988 - __main__ - INFO - Successfully fetched position data.
2025-07-20 10:58:28,990 - __main__ - INFO - Position for XBTUSD: -100
2025-07-20 10:58:33,991 - __main__ - INFO - Reversing from SHORT to LONG.
2025-07-20 10:58:39,180 - __main__ - INFO - Closing SHORT position with BUY order at 118189.7
2025-07-20 10:58:40,028 - __main__ - INFO - Placed BUY LIMIT order for 100 at 118189.5
2025-07-20 10:58:40,028 - __main__ - INFO - Time to CLOSE SHORT after signal: 0.85 seconds
2025-07-20 10:58:40,028 - __main__ - INFO - Closing SHORT position with BUY order 6f0bbd28-8884-44a7-a9fc-0d6e2d7ccf73
2025-07-20 10:58:45,012 - __main__ - INFO - Opening BUY position with order at 118189.7
2025-07-20 10:58:46,024 - __main__ - INFO - Placed BUY LIMIT order for 100 at 118189.5
2025-07-20 10:58:46,025 - __main__ - INFO - Time to OPEN BUY after signal: 1.01 seconds
2025-07-20 10:58:46,025 - __main__ - INFO - Opening BUY position with order b2e07805-b2cd-4d84-a3d4-7902144e4ef1
2025-07-20 10:58:51,029 - __main__ - INFO - --- New Cycle ---
2025-07-20 10:58:51,169 - __main__ - INFO - Current Price: 117870.10, SMA(50): 118139.69. Signal: short
2025-07-20 10:58:51,169 - __main__ - INFO - Checking current position...
2025-07-20 10:58:51,169 - __main__ - INFO - Fetching position...
2025-07-20 10:58:51,169 - __main__ - INFO - Attempting to fetch position (attempt 1/3)
2025-07-20 10:58:56,182 - __main__ - INFO - Successfully fetched position data.
2025-07-20 10:58:56,182 - __main__ - INFO - Position for XBTUSD: -100
2025-07-20 10:59:01,185 - __main__ - INFO - Found 2 open order(s). Managing...
2025-07-20 10:59:06,262 - __main__ - INFO - Order 6f0bbd28-8884-44a7-a9fc-0d6e2d7ccf73 is too old (10826.23s), cancelling.
2025-07-20 10:59:12,210 - __main__ - INFO - Order b2e07805-b2cd-4d84-a3d4-7902144e4ef1 is too old (10826.17s), cancelling.
2025-07-20 10:59:23,225 - __main__ - INFO - --- New Cycle ---
2025-07-20 10:59:23,391 - __main__ - INFO - Current Price: 117870.10, SMA(50): 118139.69. Signal: short
2025-07-20 10:59:23,392 - __main__ - INFO - Checking current position...
2025-07-20 10:59:23,392 - __main__ - INFO - Fetching position...
2025-07-20 10:59:23,392 - __main__ - INFO - Attempting to fetch position (attempt 1/3)
2025-07-20 10:59:28,382 - __main__ - INFO - Successfully fetched position data.
2025-07-20 10:59:28,383 - __main__ - INFO - Position for XBTUSD: -100
2025-07-20 10:59:33,398 - __main__ - INFO - No action needed. Signal and position are aligned.
2025-07-20 11:00:33,405 - __main__ - INFO - --- New Cycle ---
2025-07-20 11:00:33,677 - __main__ - INFO - Current Price: 117870.10, SMA(50): 118130.04. Signal: short
2025-07-20 11:00:33,679 - __main__ - INFO - Checking current position...
2025-07-20 11:00:33,679 - __main__ - INFO - Fetching position...
2025-07-20 11:00:33,679 - __main__ - INFO - Attempting to fetch position (attempt 1/3)
2025-07-20 11:00:38,565 - __main__ - INFO - Successfully fetched position data.
2025-07-20 11:00:38,565 - __main__ - INFO - Position for XBTUSD: -100
2025-07-20 11:00:43,571 - __main__ - INFO - No action needed. Signal and position are aligned.
2025-07-20 11:01:43,577 - __main__ - INFO - --- New Cycle ---
2025-07-20 11:01:43,834 - __main__ - INFO - Current Price: 117870.10, SMA(50): 118125.22. Signal: short
2025-07-20 11:01:43,836 - __main__ - INFO - Checking current position...
2025-07-20 11:01:43,836 - __main__ - INFO - Fetching position...
2025-07-20 11:01:43,836 - __main__ - INFO - Attempting to fetch position (attempt 1/3)
2025-07-20 11:01:48,733 - __main__ - INFO - Successfully fetched position data.
2025-07-20 11:01:48,733 - __main__ - INFO - Position for XBTUSD: -100
2025-07-20 11:01:53,741 - __main__ - INFO - No action needed. Signal and position are aligned.
2025-07-20 11:02:53,749 - __main__ - INFO - --- New Cycle ---
2025-07-20 11:02:53,987 - __main__ - INFO - Current Price: 117870.10, SMA(50): 118120.39. Signal: short
2025-07-20 11:02:53,988 - __main__ - INFO - Checking current position...
2025-07-20 11:02:53,988 - __main__ - INFO - Fetching position...
2025-07-20 11:02:53,988 - __main__ - INFO - Attempting to fetch position (attempt 1/3)
2025-07-20 11:02:58,901 - __main__ - INFO - Successfully fetched position data.
2025-07-20 11:02:58,901 - __main__ - INFO - Position for XBTUSD: -100
2025-07-20 11:03:03,906 - __main__ - INFO - No action needed. Signal and position are aligned.
2025-07-20 11:04:03,912 - __main__ - INFO - --- New Cycle ---
2025-07-20 11:04:04,135 - __main__ - INFO - Current Price: 117870.10, SMA(50): 118115.57. Signal: short
2025-07-20 11:04:04,138 - __main__ - INFO - Checking current position...
2025-07-20 11:04:04,138 - __main__ - INFO - Fetching position...
2025-07-20 11:04:04,138 - __main__ - INFO - Attempting to fetch position (attempt 1/3)
2025-07-20 11:04:09,085 - __main__ - INFO - Successfully fetched position data.
2025-07-20 11:04:09,085 - __main__ - INFO - Position for XBTUSD: -100
2025-07-20 11:04:14,074 - __main__ - INFO - No action needed. Signal and position are aligned.
